[2022-05-10 09:24:55] Start:PMD2GraphTask
PMD2Graph 10.0.0 (Build:f8fa7a1c28) - (C) 2001-2021 FrontEndART Ltd.
Integrated 3rd party tool(s): SonarQube
Loading LIM ASG file "/home/shizzed/Downloads/SourceMeter-10.0.0-x64-linux/SourceMeter-10.0.0-x64-Linux/Java/Results/ant1.10.5/java/2022-05-10-09-23-10/sourcemeter/asg/ant1.10.5.lim"
Loading filter file "/home/shizzed/Downloads/SourceMeter-10.0.0-x64-linux/SourceMeter-10.0.0-x64-Linux/Java/Results/ant1.10.5/java/2022-05-10-09-23-10/sourcemeter/asg/ant1.10.5.flim"
Loading xml file "/home/shizzed/Downloads/SourceMeter-10.0.0-x64-linux/SourceMeter-10.0.0-x64-Linux/Java/Results/ant1.10.5/java/2022-05-10-09-23-10/sourcemeter/temp/ant1.10.5-PMD.xml"
Warning: Warning 'PMD_ARP' has already been added. (node:L7177 path:/home/shizzed/Downloads/apache-ant-1.10.5-src/apache-ant-1.10.5/src/main/org/apache/tools/ant/IntrospectionHelper.java line:1433 col:74 endline:1433 endcol:78 text:'Avoid reassigning parameters such as 'child'')
Warning: Warning 'PMD_ARP' has already been added. (node:L7465 path:/home/shizzed/Downloads/apache-ant-1.10.5-src/apache-ant-1.10.5/src/main/org/apache/tools/ant/launch/Locator.java line:215 col:48 endline:215 endcol:50 text:'Avoid reassigning parameters such as 'uri'')
Warning: Warning 'PMD_ARP' has already been added. (node:L7682 path:/home/shizzed/Downloads/apache-ant-1.10.5-src/apache-ant-1.10.5/src/main/org/apache/tools/ant/listener/CommonsLoggingListener.java line:77 col:43 endline:77 endcol:48 text:'Avoid reassigning parameters such as 'suffix'')
Warning: Warning 'PMD_ARP' has already been added. (node:L13307 path:/home/shizzed/Downloads/apache-ant-1.10.5-src/apache-ant-1.10.5/src/main/org/apache/tools/ant/taskdefs/Concat.java line:288 col:51 endline:288 endcol:53 text:'Avoid reassigning parameters such as 'len'')
Warning: Warning 'PMD_ARP' has already been added. (node:L13307 path:/home/shizzed/Downloads/apache-ant-1.10.5-src/apache-ant-1.10.5/src/main/org/apache/tools/ant/taskdefs/Concat.java line:288 col:42 endline:288 endcol:44 text:'Avoid reassigning parameters such as 'off'')
Warning: Warning 'PMD_EAFC' has already been added. (node:L16004 path:/home/shizzed/Downloads/apache-ant-1.10.5-src/apache-ant-1.10.5/src/main/org/apache/tools/ant/taskdefs/Definer.java line:605 col:18 endline:605 endcol:31 text:'Avoid using exceptions as flow control.')
Warning: Warning 'PMD_ARP' has already been added. (node:L17317 path:/home/shizzed/Downloads/apache-ant-1.10.5-src/apache-ant-1.10.5/src/main/org/apache/tools/ant/taskdefs/Exec.java line:85 col:30 endline:85 endcol:36 text:'Avoid reassigning parameters such as 'command'')
Warning: Warning 'PMD_ARP' has already been added. (node:L17317 path:/home/shizzed/Downloads/apache-ant-1.10.5-src/apache-ant-1.10.5/src/main/org/apache/tools/ant/taskdefs/Exec.java line:85 col:30 endline:85 endcol:36 text:'Avoid reassigning parameters such as 'command'')
Warning: Warning 'PMD_ARP' has already been added. (node:L19600 path:/home/shizzed/Downloads/apache-ant-1.10.5-src/apache-ant-1.10.5/src/main/org/apache/tools/ant/taskdefs/Jar.java line:757 col:54 endline:757 endcol:64 text:'Avoid reassigning parameters such as 'needsUpdate'')
Warning: Warning 'PMD_ARP' has already been added. (node:L19600 path:/home/shizzed/Downloads/apache-ant-1.10.5-src/apache-ant-1.10.5/src/main/org/apache/tools/ant/taskdefs/Jar.java line:757 col:54 endline:757 endcol:64 text:'Avoid reassigning parameters such as 'needsUpdate'')
Warning: Warning 'PMD_ARP' has already been added. (node:L19600 path:/home/shizzed/Downloads/apache-ant-1.10.5-src/apache-ant-1.10.5/src/main/org/apache/tools/ant/taskdefs/Jar.java line:757 col:54 endline:757 endcol:64 text:'Avoid reassigning parameters such as 'needsUpdate'')
Warning: Warning 'PMD_ARP' has already been added. (node:L19600 path:/home/shizzed/Downloads/apache-ant-1.10.5-src/apache-ant-1.10.5/src/main/org/apache/tools/ant/taskdefs/Jar.java line:757 col:54 endline:757 endcol:64 text:'Avoid reassigning parameters such as 'needsUpdate'')
Warning: Warning 'PMD_ARP' has already been added. (node:L19600 path:/home/shizzed/Downloads/apache-ant-1.10.5-src/apache-ant-1.10.5/src/main/org/apache/tools/ant/taskdefs/Jar.java line:757 col:54 endline:757 endcol:64 text:'Avoid reassigning parameters such as 'needsUpdate'')
Warning: Warning 'PMD_UAAL' has already been added. (node:L42611 path:/home/shizzed/Downloads/apache-ant-1.10.5-src/apache-ant-1.10.5/src/main/org/apache/tools/ant/taskdefs/PathConvert.java line:365 col:21 endline:365 endcol:38 text:'Use asList instead of tight loops')
Warning: Warning 'PMD_ARP' has already been added. (node:L42842 path:/home/shizzed/Downloads/apache-ant-1.10.5-src/apache-ant-1.10.5/src/main/org/apache/tools/ant/taskdefs/Property.java line:219 col:32 endline:219 endcol:34 text:'Avoid reassigning parameters such as 'msg'')
Warning: Warning 'PMD_ARP' has already been added. (node:L45766 path:/home/shizzed/Downloads/apache-ant-1.10.5-src/apache-ant-1.10.5/src/main/org/apache/tools/ant/taskdefs/Tar.java line:390 col:85 endline:390 endcol:89 text:'Avoid reassigning parameters such as 'vPath'')
Warning: Warning 'PMD_ARP' has already been added. (node:L45766 path:/home/shizzed/Downloads/apache-ant-1.10.5-src/apache-ant-1.10.5/src/main/org/apache/tools/ant/taskdefs/Tar.java line:390 col:85 endline:390 endcol:89 text:'Avoid reassigning parameters such as 'vPath'')
Warning: Warning 'PMD_ARP' has already been added. (node:L45766 path:/home/shizzed/Downloads/apache-ant-1.10.5-src/apache-ant-1.10.5/src/main/org/apache/tools/ant/taskdefs/Tar.java line:390 col:85 endline:390 endcol:89 text:'Avoid reassigning parameters such as 'vPath'')
Warning: Warning 'PMD_ARP' has already been added. (node:L47980 path:/home/shizzed/Downloads/apache-ant-1.10.5-src/apache-ant-1.10.5/src/main/org/apache/tools/ant/taskdefs/Zip.java line:1324 col:54 endline:1324 endcol:64 text:'Avoid reassigning parameters such as 'needsUpdate'')
Warning: Warning 'PMD_PST' has already been added. (node:L15278 path:/home/shizzed/Downloads/apache-ant-1.10.5-src/apache-ant-1.10.5/src/main/org/apache/tools/ant/taskdefs/cvslib/ChangeLogParser.java line:280 col:17 endline:280 endcol:80 text:'New exception is thrown in catch block, original stack trace may be lost')
Warning: Warning 'PMD_ARP' has already been added. (node:L23402 path:/home/shizzed/Downloads/apache-ant-1.10.5-src/apache-ant-1.10.5/src/main/org/apache/tools/ant/taskdefs/optional/ANTLR.java line:253 col:45 endline:253 endcol:52 text:'Avoid reassigning parameters such as 'resource'')
Warning: Warning 'PMD_ARP' has already been added. (node:L30139 path:/home/shizzed/Downloads/apache-ant-1.10.5-src/apache-ant-1.10.5/src/main/org/apache/tools/ant/taskdefs/optional/javacc/JJDoc.java line:185 col:63 endline:185 endcol:80 text:'Avoid reassigning parameters such as 'optionalOutputFile'')
Warning: Warning 'PMD_ARP' has already been added. (node:L30139 path:/home/shizzed/Downloads/apache-ant-1.10.5-src/apache-ant-1.10.5/src/main/org/apache/tools/ant/taskdefs/optional/javacc/JJDoc.java line:185 col:63 endline:185 endcol:80 text:'Avoid reassigning parameters such as 'optionalOutputFile'')
Warning: Warning 'PMD_ARP' has already been added. (node:L30139 path:/home/shizzed/Downloads/apache-ant-1.10.5-src/apache-ant-1.10.5/src/main/org/apache/tools/ant/taskdefs/optional/javacc/JJDoc.java line:185 col:63 endline:185 endcol:80 text:'Avoid reassigning parameters such as 'optionalOutputFile'')
Warning: Warning 'PMD_ARP' has already been added. (node:L30245 path:/home/shizzed/Downloads/apache-ant-1.10.5-src/apache-ant-1.10.5/src/main/org/apache/tools/ant/taskdefs/optional/javacc/JJTree.java line:299 col:63 endline:299 endcol:80 text:'Avoid reassigning parameters such as 'optionalOutputFile'')
Warning: Warning 'PMD_ARP' has already been added. (node:L30245 path:/home/shizzed/Downloads/apache-ant-1.10.5-src/apache-ant-1.10.5/src/main/org/apache/tools/ant/taskdefs/optional/javacc/JJTree.java line:299 col:63 endline:299 endcol:80 text:'Avoid reassigning parameters such as 'optionalOutputFile'')
Warning: Warning 'PMD_ARP' has already been added. (node:L30245 path:/home/shizzed/Downloads/apache-ant-1.10.5-src/apache-ant-1.10.5/src/main/org/apache/tools/ant/taskdefs/optional/javacc/JJTree.java line:299 col:63 endline:299 endcol:80 text:'Avoid reassigning parameters such as 'optionalOutputFile'')
Warning: Warning 'PMD_ARP' has already been added. (node:L30646 path:/home/shizzed/Downloads/apache-ant-1.10.5-src/apache-ant-1.10.5/src/main/org/apache/tools/ant/taskdefs/optional/jdepend/JDependTask.java line:359 col:43 endline:359 endcol:50 text:'Avoid reassigning parameters such as 'resource'')
Warning: Warning 'PMD_ARP' has already been added. (node:L32684 path:/home/shizzed/Downloads/apache-ant-1.10.5-src/apache-ant-1.10.5/src/main/org/apache/tools/ant/taskdefs/optional/junit/JUnitTask.java line:1817 col:49 endline:1817 endcol:56 text:'Avoid reassigning parameters such as 'resource'')
Warning: Warning 'PMD_ARP' has already been added. (node:L33357 path:/home/shizzed/Downloads/apache-ant-1.10.5-src/apache-ant-1.10.5/src/main/org/apache/tools/ant/taskdefs/optional/junit/JUnitTest.java line:273 col:60 endline:273 endcol:70 text:'Avoid reassigning parameters such as 'methodNames'')
Warning: Warning 'PMD_ARP' has already been added. (node:L35654 path:/home/shizzed/Downloads/apache-ant-1.10.5-src/apache-ant-1.10.5/src/main/org/apache/tools/ant/taskdefs/optional/net/FTP.java line:432 col:63 endline:432 endcol:76 text:'Avoid reassigning parameters such as 'currentelement'')
Warning: Warning 'PMD_ARP' has already been added. (node:L35796 path:/home/shizzed/Downloads/apache-ant-1.10.5-src/apache-ant-1.10.5/src/main/org/apache/tools/ant/taskdefs/optional/net/FTP.java line:957 col:51 endline:957 endcol:61 text:'Avoid reassigning parameters such as 'currentPath'')
Warning: Warning 'PMD_ARP' has already been added. (node:L36727 path:/home/shizzed/Downloads/apache-ant-1.10.5-src/apache-ant-1.10.5/src/main/org/apache/tools/ant/taskdefs/optional/net/FTPTaskMirrorImpl.java line:851 col:51 endline:851 endcol:61 text:'Avoid reassigning parameters such as 'currentPath'')
Warning: Warning 'PMD_ARP' has already been added. (node:L44182 path:/home/shizzed/Downloads/apache-ant-1.10.5-src/apache-ant-1.10.5/src/main/org/apache/tools/ant/taskdefs/rmic/RmicAdapterFactory.java line:94 col:46 endline:94 endcol:53 text:'Avoid reassigning parameters such as 'rmicType'')
Warning: Warning 'PMD_ARP' has already been added. (node:L44182 path:/home/shizzed/Downloads/apache-ant-1.10.5-src/apache-ant-1.10.5/src/main/org/apache/tools/ant/taskdefs/rmic/RmicAdapterFactory.java line:94 col:46 endline:94 endcol:53 text:'Avoid reassigning parameters such as 'rmicType'')
Warning: Warning 'PMD_PST' has already been added. (node:L56479 path:/home/shizzed/Downloads/apache-ant-1.10.5-src/apache-ant-1.10.5/src/main/org/apache/tools/ant/types/XMLCatalog.java line:658 col:21 endline:659 endcol:84 text:'New exception is thrown in catch block, original stack trace may be lost')
Warning: Warning 'PMD_ARP' has already been added. (node:L50462 path:/home/shizzed/Downloads/apache-ant-1.10.5-src/apache-ant-1.10.5/src/main/org/apache/tools/ant/types/optional/image/Rotate.java line:71 col:62 endline:71 endcol:66 text:'Avoid reassigning parameters such as 'image'')
Warning: Warning 'PMD_ARP' has already been added. (node:L55028 path:/home/shizzed/Downloads/apache-ant-1.10.5-src/apache-ant-1.10.5/src/main/org/apache/tools/ant/types/selectors/FilenameSelector.java line:78 col:32 endline:78 endcol:38 text:'Avoid reassigning parameters such as 'pattern'')
Warning: Warning 'PMD_ARP' has already been added. (node:L3245 path:/home/shizzed/Downloads/apache-ant-1.10.5-src/apache-ant-1.10.5/src/main/org/apache/tools/ant/util/FileUtils.java line:607 col:47 endline:607 endcol:54 text:'Avoid reassigning parameters such as 'filename'')
Warning: Warning 'PMD_ARP' has already been added. (node:L3245 path:/home/shizzed/Downloads/apache-ant-1.10.5-src/apache-ant-1.10.5/src/main/org/apache/tools/ant/util/FileUtils.java line:607 col:47 endline:607 endcol:54 text:'Avoid reassigning parameters such as 'filename'')
Warning: Warning 'PMD_ARP' has already been added. (node:L55875 path:/home/shizzed/Downloads/apache-ant-1.10.5-src/apache-ant-1.10.5/src/main/org/apache/tools/ant/util/FileUtils.java line:785 col:36 endline:785 endcol:39 text:'Avoid reassigning parameters such as 'path'')
Warning: Warning 'PMD_ARP' has already been added. (node:L55875 path:/home/shizzed/Downloads/apache-ant-1.10.5-src/apache-ant-1.10.5/src/main/org/apache/tools/ant/util/FileUtils.java line:785 col:36 endline:785 endcol:39 text:'Avoid reassigning parameters such as 'path'')
Warning: Warning 'PMD_ARP' has already been added. (node:L55875 path:/home/shizzed/Downloads/apache-ant-1.10.5-src/apache-ant-1.10.5/src/main/org/apache/tools/ant/util/FileUtils.java line:785 col:36 endline:785 endcol:39 text:'Avoid reassigning parameters such as 'path'')
Warning: Warning 'PMD_ARP' has already been added. (node:L58107 path:/home/shizzed/Downloads/apache-ant-1.10.5-src/apache-ant-1.10.5/src/main/org/apache/tools/ant/util/GlobPatternMapper.java line:197 col:38 endline:197 endcol:41 text:'Avoid reassigning parameters such as 'name'')
Warning: Warning 'PMD_ARP' has already been added. (node:L58489 path:/home/shizzed/Downloads/apache-ant-1.10.5-src/apache-ant-1.10.5/src/main/org/apache/tools/ant/util/LayoutPreservingProperties.java line:582 col:45 endline:582 endcol:47 text:'Avoid reassigning parameters such as 'pos'')
Warning: Warning 'PMD_ARP' has already been added. (node:L58489 path:/home/shizzed/Downloads/apache-ant-1.10.5-src/apache-ant-1.10.5/src/main/org/apache/tools/ant/util/LayoutPreservingProperties.java line:582 col:45 endline:582 endcol:47 text:'Avoid reassigning parameters such as 'pos'')
Warning: Warning 'PMD_ARP' has already been added. (node:L58489 path:/home/shizzed/Downloads/apache-ant-1.10.5-src/apache-ant-1.10.5/src/main/org/apache/tools/ant/util/LayoutPreservingProperties.java line:582 col:45 endline:582 endcol:47 text:'Avoid reassigning parameters such as 'pos'')
Warning: Warning 'PMD_ARP' has already been added. (node:L58489 path:/home/shizzed/Downloads/apache-ant-1.10.5-src/apache-ant-1.10.5/src/main/org/apache/tools/ant/util/LayoutPreservingProperties.java line:582 col:45 endline:582 endcol:47 text:'Avoid reassigning parameters such as 'pos'')
Warning: Warning 'PMD_ARP' has already been added. (node:L58602 path:/home/shizzed/Downloads/apache-ant-1.10.5-src/apache-ant-1.10.5/src/main/org/apache/tools/ant/util/LayoutPreservingProperties.java line:750 col:47 endline:750 endcol:47 text:'Avoid reassigning parameters such as 's'')
Warning: Warning 'PMD_ARP' has already been added. (node:L58602 path:/home/shizzed/Downloads/apache-ant-1.10.5-src/apache-ant-1.10.5/src/main/org/apache/tools/ant/util/LayoutPreservingProperties.java line:750 col:47 endline:750 endcol:47 text:'Avoid reassigning parameters such as 's'')
Warning: Warning 'PMD_ARP' has already been added. (node:L58602 path:/home/shizzed/Downloads/apache-ant-1.10.5-src/apache-ant-1.10.5/src/main/org/apache/tools/ant/util/LayoutPreservingProperties.java line:750 col:47 endline:750 endcol:47 text:'Avoid reassigning parameters such as 's'')
Warning: Warning 'PMD_ARP' has already been added. (node:L58602 path:/home/shizzed/Downloads/apache-ant-1.10.5-src/apache-ant-1.10.5/src/main/org/apache/tools/ant/util/LayoutPreservingProperties.java line:750 col:47 endline:750 endcol:47 text:'Avoid reassigning parameters such as 's'')
Warning: Warning 'PMD_ARP' has already been added. (node:L7078 path:/home/shizzed/Downloads/apache-ant-1.10.5-src/apache-ant-1.10.5/src/main/org/apache/tools/ant/util/StringUtils.java line:203 col:47 endline:203 endcol:55 text:'Avoid reassigning parameters such as 'humanSize'')
Warning: Warning 'PMD_ARP' has already been added. (node:L7078 path:/home/shizzed/Downloads/apache-ant-1.10.5-src/apache-ant-1.10.5/src/main/org/apache/tools/ant/util/StringUtils.java line:203 col:47 endline:203 endcol:55 text:'Avoid reassigning parameters such as 'humanSize'')
Warning: Warning 'PMD_EAFC' has already been added. (node:L60497 path:/home/shizzed/Downloads/apache-ant-1.10.5-src/apache-ant-1.10.5/src/main/org/apache/tools/ant/util/SymbolicLinkUtils.java line:260 col:32 endline:260 endcol:42 text:'Avoid using exceptions as flow control.')
Warning: Warning 'PMD_EAFC' has already been added. (node:L60497 path:/home/shizzed/Downloads/apache-ant-1.10.5-src/apache-ant-1.10.5/src/main/org/apache/tools/ant/util/SymbolicLinkUtils.java line:278 col:36 endline:278 endcol:46 text:'Avoid using exceptions as flow control.')
Warning: Warning 'PMD_ARP' has already been added. (node:L62155 path:/home/shizzed/Downloads/apache-ant-1.10.5-src/apache-ant-1.10.5/src/main/org/apache/tools/tar/TarEntry.java line:1009 col:52 endline:1009 endcol:59 text:'Avoid reassigning parameters such as 'fileName'')
Warning: Warning 'PMD_ARP' has already been added. (node:L62155 path:/home/shizzed/Downloads/apache-ant-1.10.5-src/apache-ant-1.10.5/src/main/org/apache/tools/tar/TarEntry.java line:1009 col:52 endline:1009 endcol:59 text:'Avoid reassigning parameters such as 'fileName'')
Warning: Warning 'PMD_ARP' has already been added. (node:L62155 path:/home/shizzed/Downloads/apache-ant-1.10.5-src/apache-ant-1.10.5/src/main/org/apache/tools/tar/TarEntry.java line:1009 col:52 endline:1009 endcol:59 text:'Avoid reassigning parameters such as 'fileName'')
Warning: Warning 'PMD_ARP' has already been added. (node:L62489 path:/home/shizzed/Downloads/apache-ant-1.10.5-src/apache-ant-1.10.5/src/main/org/apache/tools/tar/TarInputStream.java line:575 col:49 endline:575 endcol:57 text:'Avoid reassigning parameters such as 'numToRead'')
Warning: Warning 'PMD_ARP' has already been added. (node:L62489 path:/home/shizzed/Downloads/apache-ant-1.10.5-src/apache-ant-1.10.5/src/main/org/apache/tools/tar/TarInputStream.java line:575 col:49 endline:575 endcol:57 text:'Avoid reassigning parameters such as 'numToRead'')
Warning: Warning 'PMD_ARP' has already been added. (node:L62489 path:/home/shizzed/Downloads/apache-ant-1.10.5-src/apache-ant-1.10.5/src/main/org/apache/tools/tar/TarInputStream.java line:575 col:37 endline:575 endcol:42 text:'Avoid reassigning parameters such as 'offset'')
Warning: Warning 'PMD_ARP' has already been added. (node:L45849 path:/home/shizzed/Downloads/apache-ant-1.10.5-src/apache-ant-1.10.5/src/main/org/apache/tools/tar/TarOutputStream.java line:411 col:53 endline:411 endcol:62 text:'Avoid reassigning parameters such as 'numToWrite'')
Warning: Warning 'PMD_ARP' has already been added. (node:L45849 path:/home/shizzed/Downloads/apache-ant-1.10.5-src/apache-ant-1.10.5/src/main/org/apache/tools/tar/TarOutputStream.java line:411 col:53 endline:411 endcol:62 text:'Avoid reassigning parameters such as 'numToWrite'')
Warning: Warning 'PMD_ARP' has already been added. (node:L45849 path:/home/shizzed/Downloads/apache-ant-1.10.5-src/apache-ant-1.10.5/src/main/org/apache/tools/tar/TarOutputStream.java line:411 col:40 endline:411 endcol:46 text:'Avoid reassigning parameters such as 'wOffset'')
Warning: Warning 'PMD_ARP' has already been added. (node:L45849 path:/home/shizzed/Downloads/apache-ant-1.10.5-src/apache-ant-1.10.5/src/main/org/apache/tools/tar/TarOutputStream.java line:411 col:40 endline:411 endcol:46 text:'Avoid reassigning parameters such as 'wOffset'')
Warning: Warning 'PMD_ARP' has already been added. (node:L63660 path:/home/shizzed/Downloads/apache-ant-1.10.5-src/apache-ant-1.10.5/src/main/org/apache/tools/zip/Zip64ExtendedInformationExtraField.java line:148 col:59 endline:148 endcol:64 text:'Avoid reassigning parameters such as 'offset'')
Warning: Warning 'PMD_ARP' has already been added. (node:L63660 path:/home/shizzed/Downloads/apache-ant-1.10.5-src/apache-ant-1.10.5/src/main/org/apache/tools/zip/Zip64ExtendedInformationExtraField.java line:148 col:59 endline:148 endcol:64 text:'Avoid reassigning parameters such as 'offset'')
Warning: Warning 'PMD_ARP' has already been added. (node:L63660 path:/home/shizzed/Downloads/apache-ant-1.10.5-src/apache-ant-1.10.5/src/main/org/apache/tools/zip/Zip64ExtendedInformationExtraField.java line:148 col:59 endline:148 endcol:64 text:'Avoid reassigning parameters such as 'offset'')
Warning: Warning 'PMD_ARP' has already been added. (node:L63669 path:/home/shizzed/Downloads/apache-ant-1.10.5-src/apache-ant-1.10.5/src/main/org/apache/tools/zip/Zip64ExtendedInformationExtraField.java line:178 col:66 endline:178 endcol:71 text:'Avoid reassigning parameters such as 'offset'')
Warning: Warning 'PMD_ARP' has already been added. (node:L64482 path:/home/shizzed/Downloads/apache-ant-1.10.5-src/apache-ant-1.10.5/src/main/org/apache/tools/zip/ZipLong.java line:129 col:60 endline:129 endcol:65 text:'Avoid reassigning parameters such as 'offset'')
Warning: Warning 'PMD_ARP' has already been added. (node:L64482 path:/home/shizzed/Downloads/apache-ant-1.10.5-src/apache-ant-1.10.5/src/main/org/apache/tools/zip/ZipLong.java line:129 col:60 endline:129 endcol:65 text:'Avoid reassigning parameters such as 'offset'')
[2022-05-10 09:24:58] End:PMD2GraphTask Result:OK
