[2022-05-10 09:27:43] Start:PMD2GraphTask
PMD2Graph 10.0.0 (Build:f8fa7a1c28) - (C) 2001-2021 FrontEndART Ltd.
Integrated 3rd party tool(s): SonarQube
Loading LIM ASG file "/home/shizzed/Downloads/SourceMeter-10.0.0-x64-linux/SourceMeter-10.0.0-x64-Linux/Java/Results/ant1.9.9/java/2022-05-10-09-26-09/sourcemeter/asg/ant1.9.9.lim"
Loading filter file "/home/shizzed/Downloads/SourceMeter-10.0.0-x64-linux/SourceMeter-10.0.0-x64-Linux/Java/Results/ant1.9.9/java/2022-05-10-09-26-09/sourcemeter/asg/ant1.9.9.flim"
Loading xml file "/home/shizzed/Downloads/SourceMeter-10.0.0-x64-linux/SourceMeter-10.0.0-x64-Linux/Java/Results/ant1.9.9/java/2022-05-10-09-26-09/sourcemeter/temp/ant1.9.9-PMD.xml"
Warning: Warning 'PMD_ARP' has already been added. (node:L6928 path:/home/shizzed/Downloads/apache-ant-1.9.9-src/apache-ant-1.9.9/src/main/org/apache/tools/ant/IntrospectionHelper.java line:1453 col:74 endline:1453 endcol:78 text:'Avoid reassigning parameters such as 'child'')
Warning: Warning 'PMD_ARP' has already been added. (node:L7217 path:/home/shizzed/Downloads/apache-ant-1.9.9-src/apache-ant-1.9.9/src/main/org/apache/tools/ant/launch/Locator.java line:228 col:48 endline:228 endcol:50 text:'Avoid reassigning parameters such as 'uri'')
Warning: Warning 'PMD_ARP' has already been added. (node:L7433 path:/home/shizzed/Downloads/apache-ant-1.9.9-src/apache-ant-1.9.9/src/main/org/apache/tools/ant/listener/CommonsLoggingListener.java line:77 col:43 endline:77 endcol:48 text:'Avoid reassigning parameters such as 'suffix'')
Warning: Warning 'PMD_ARP' has already been added. (node:L13163 path:/home/shizzed/Downloads/apache-ant-1.9.9-src/apache-ant-1.9.9/src/main/org/apache/tools/ant/taskdefs/Concat.java line:290 col:51 endline:290 endcol:53 text:'Avoid reassigning parameters such as 'len'')
Warning: Warning 'PMD_ARP' has already been added. (node:L13163 path:/home/shizzed/Downloads/apache-ant-1.9.9-src/apache-ant-1.9.9/src/main/org/apache/tools/ant/taskdefs/Concat.java line:290 col:42 endline:290 endcol:44 text:'Avoid reassigning parameters such as 'off'')
Warning: Warning 'PMD_EAFC' has already been added. (node:L15805 path:/home/shizzed/Downloads/apache-ant-1.9.9-src/apache-ant-1.9.9/src/main/org/apache/tools/ant/taskdefs/Definer.java line:614 col:18 endline:614 endcol:31 text:'Avoid using exceptions as flow control.')
Warning: Warning 'PMD_ARP' has already been added. (node:L17134 path:/home/shizzed/Downloads/apache-ant-1.9.9-src/apache-ant-1.9.9/src/main/org/apache/tools/ant/taskdefs/Exec.java line:83 col:30 endline:83 endcol:36 text:'Avoid reassigning parameters such as 'command'')
Warning: Warning 'PMD_ARP' has already been added. (node:L17134 path:/home/shizzed/Downloads/apache-ant-1.9.9-src/apache-ant-1.9.9/src/main/org/apache/tools/ant/taskdefs/Exec.java line:83 col:30 endline:83 endcol:36 text:'Avoid reassigning parameters such as 'command'')
Warning: Warning 'PMD_ARP' has already been added. (node:L19367 path:/home/shizzed/Downloads/apache-ant-1.9.9-src/apache-ant-1.9.9/src/main/org/apache/tools/ant/taskdefs/Jar.java line:821 col:54 endline:821 endcol:64 text:'Avoid reassigning parameters such as 'needsUpdate'')
Warning: Warning 'PMD_ARP' has already been added. (node:L19367 path:/home/shizzed/Downloads/apache-ant-1.9.9-src/apache-ant-1.9.9/src/main/org/apache/tools/ant/taskdefs/Jar.java line:821 col:54 endline:821 endcol:64 text:'Avoid reassigning parameters such as 'needsUpdate'')
Warning: Warning 'PMD_ARP' has already been added. (node:L19367 path:/home/shizzed/Downloads/apache-ant-1.9.9-src/apache-ant-1.9.9/src/main/org/apache/tools/ant/taskdefs/Jar.java line:821 col:54 endline:821 endcol:64 text:'Avoid reassigning parameters such as 'needsUpdate'')
Warning: Warning 'PMD_ARP' has already been added. (node:L19367 path:/home/shizzed/Downloads/apache-ant-1.9.9-src/apache-ant-1.9.9/src/main/org/apache/tools/ant/taskdefs/Jar.java line:821 col:54 endline:821 endcol:64 text:'Avoid reassigning parameters such as 'needsUpdate'')
Warning: Warning 'PMD_ARP' has already been added. (node:L19367 path:/home/shizzed/Downloads/apache-ant-1.9.9-src/apache-ant-1.9.9/src/main/org/apache/tools/ant/taskdefs/Jar.java line:821 col:54 endline:821 endcol:64 text:'Avoid reassigning parameters such as 'needsUpdate'')
Warning: Warning 'PMD_UAAL' has already been added. (node:L40639 path:/home/shizzed/Downloads/apache-ant-1.9.9-src/apache-ant-1.9.9/src/main/org/apache/tools/ant/taskdefs/PathConvert.java line:372 col:21 endline:372 endcol:38 text:'Use asList instead of tight loops')
Warning: Warning 'PMD_ARP' has already been added. (node:L40856 path:/home/shizzed/Downloads/apache-ant-1.9.9-src/apache-ant-1.9.9/src/main/org/apache/tools/ant/taskdefs/Property.java line:213 col:32 endline:213 endcol:34 text:'Avoid reassigning parameters such as 'msg'')
Warning: Warning 'PMD_ARP' has already been added. (node:L43596 path:/home/shizzed/Downloads/apache-ant-1.9.9-src/apache-ant-1.9.9/src/main/org/apache/tools/ant/taskdefs/Tar.java line:395 col:85 endline:395 endcol:89 text:'Avoid reassigning parameters such as 'vPath'')
Warning: Warning 'PMD_ARP' has already been added. (node:L43596 path:/home/shizzed/Downloads/apache-ant-1.9.9-src/apache-ant-1.9.9/src/main/org/apache/tools/ant/taskdefs/Tar.java line:395 col:85 endline:395 endcol:89 text:'Avoid reassigning parameters such as 'vPath'')
Warning: Warning 'PMD_ARP' has already been added. (node:L43596 path:/home/shizzed/Downloads/apache-ant-1.9.9-src/apache-ant-1.9.9/src/main/org/apache/tools/ant/taskdefs/Tar.java line:395 col:85 endline:395 endcol:89 text:'Avoid reassigning parameters such as 'vPath'')
Warning: Warning 'PMD_ARP' has already been added. (node:L45725 path:/home/shizzed/Downloads/apache-ant-1.9.9-src/apache-ant-1.9.9/src/main/org/apache/tools/ant/taskdefs/Zip.java line:1325 col:54 endline:1325 endcol:64 text:'Avoid reassigning parameters such as 'needsUpdate'')
Warning: Warning 'PMD_PST' has already been added. (node:L15096 path:/home/shizzed/Downloads/apache-ant-1.9.9-src/apache-ant-1.9.9/src/main/org/apache/tools/ant/taskdefs/cvslib/ChangeLogParser.java line:304 col:17 endline:304 endcol:80 text:'New exception is thrown in catch block, original stack trace may be lost')
Warning: Warning 'PMD_ARP' has already been added. (node:L15434 path:/home/shizzed/Downloads/apache-ant-1.9.9-src/apache-ant-1.9.9/src/main/org/apache/tools/ant/taskdefs/cvslib/CvsTagDiff.java line:557 col:52 endline:557 endcol:55 text:'Avoid reassigning parameters such as 'line'')
Warning: Warning 'PMD_ARP' has already been added. (node:L23152 path:/home/shizzed/Downloads/apache-ant-1.9.9-src/apache-ant-1.9.9/src/main/org/apache/tools/ant/taskdefs/optional/ANTLR.java line:250 col:45 endline:250 endcol:52 text:'Avoid reassigning parameters such as 'resource'')
Warning: Warning 'PMD_UAAL' has already been added. (node:L28287 path:/home/shizzed/Downloads/apache-ant-1.9.9-src/apache-ant-1.9.9/src/main/org/apache/tools/ant/taskdefs/optional/extension/JarLibManifestTask.java line:286 col:17 endline:286 endcol:44 text:'Use asList instead of tight loops')
Warning: Warning 'PMD_ARP' has already been added. (node:L29470 path:/home/shizzed/Downloads/apache-ant-1.9.9-src/apache-ant-1.9.9/src/main/org/apache/tools/ant/taskdefs/optional/javacc/JJDoc.java line:189 col:63 endline:189 endcol:80 text:'Avoid reassigning parameters such as 'optionalOutputFile'')
Warning: Warning 'PMD_ARP' has already been added. (node:L29470 path:/home/shizzed/Downloads/apache-ant-1.9.9-src/apache-ant-1.9.9/src/main/org/apache/tools/ant/taskdefs/optional/javacc/JJDoc.java line:189 col:63 endline:189 endcol:80 text:'Avoid reassigning parameters such as 'optionalOutputFile'')
Warning: Warning 'PMD_ARP' has already been added. (node:L29470 path:/home/shizzed/Downloads/apache-ant-1.9.9-src/apache-ant-1.9.9/src/main/org/apache/tools/ant/taskdefs/optional/javacc/JJDoc.java line:189 col:63 endline:189 endcol:80 text:'Avoid reassigning parameters such as 'optionalOutputFile'')
Warning: Warning 'PMD_ARP' has already been added. (node:L29573 path:/home/shizzed/Downloads/apache-ant-1.9.9-src/apache-ant-1.9.9/src/main/org/apache/tools/ant/taskdefs/optional/javacc/JJTree.java line:302 col:63 endline:302 endcol:80 text:'Avoid reassigning parameters such as 'optionalOutputFile'')
Warning: Warning 'PMD_ARP' has already been added. (node:L29573 path:/home/shizzed/Downloads/apache-ant-1.9.9-src/apache-ant-1.9.9/src/main/org/apache/tools/ant/taskdefs/optional/javacc/JJTree.java line:302 col:63 endline:302 endcol:80 text:'Avoid reassigning parameters such as 'optionalOutputFile'')
Warning: Warning 'PMD_ARP' has already been added. (node:L29573 path:/home/shizzed/Downloads/apache-ant-1.9.9-src/apache-ant-1.9.9/src/main/org/apache/tools/ant/taskdefs/optional/javacc/JJTree.java line:302 col:63 endline:302 endcol:80 text:'Avoid reassigning parameters such as 'optionalOutputFile'')
Warning: Warning 'PMD_ARP' has already been added. (node:L29945 path:/home/shizzed/Downloads/apache-ant-1.9.9-src/apache-ant-1.9.9/src/main/org/apache/tools/ant/taskdefs/optional/jdepend/JDependTask.java line:352 col:43 endline:352 endcol:50 text:'Avoid reassigning parameters such as 'resource'')
Warning: Warning 'PMD_ARP' has already been added. (node:L31932 path:/home/shizzed/Downloads/apache-ant-1.9.9-src/apache-ant-1.9.9/src/main/org/apache/tools/ant/taskdefs/optional/junit/JUnitTask.java line:1878 col:49 endline:1878 endcol:56 text:'Avoid reassigning parameters such as 'resource'')
Warning: Warning 'PMD_ARP' has already been added. (node:L32596 path:/home/shizzed/Downloads/apache-ant-1.9.9-src/apache-ant-1.9.9/src/main/org/apache/tools/ant/taskdefs/optional/junit/JUnitTest.java line:274 col:60 endline:274 endcol:70 text:'Avoid reassigning parameters such as 'methodNames'')
Warning: Warning 'PMD_ARP' has already been added. (node:L34001 path:/home/shizzed/Downloads/apache-ant-1.9.9-src/apache-ant-1.9.9/src/main/org/apache/tools/ant/taskdefs/optional/net/FTP.java line:949 col:51 endline:949 endcol:61 text:'Avoid reassigning parameters such as 'currentPath'')
Warning: Warning 'PMD_ARP' has already been added. (node:L34920 path:/home/shizzed/Downloads/apache-ant-1.9.9-src/apache-ant-1.9.9/src/main/org/apache/tools/ant/taskdefs/optional/net/FTPTaskMirrorImpl.java line:852 col:51 endline:852 endcol:61 text:'Avoid reassigning parameters such as 'currentPath'')
Warning: Warning 'PMD_ARP' has already been added. (node:L42170 path:/home/shizzed/Downloads/apache-ant-1.9.9-src/apache-ant-1.9.9/src/main/org/apache/tools/ant/taskdefs/rmic/RmicAdapterFactory.java line:94 col:46 endline:94 endcol:53 text:'Avoid reassigning parameters such as 'rmicType'')
Warning: Warning 'PMD_ARP' has already been added. (node:L42170 path:/home/shizzed/Downloads/apache-ant-1.9.9-src/apache-ant-1.9.9/src/main/org/apache/tools/ant/taskdefs/rmic/RmicAdapterFactory.java line:94 col:46 endline:94 endcol:53 text:'Avoid reassigning parameters such as 'rmicType'')
Warning: Warning 'PMD_PST' has already been added. (node:L53843 path:/home/shizzed/Downloads/apache-ant-1.9.9-src/apache-ant-1.9.9/src/main/org/apache/tools/ant/types/XMLCatalog.java line:663 col:21 endline:664 endcol:84 text:'New exception is thrown in catch block, original stack trace may be lost')
Warning: Warning 'PMD_ARP' has already been added. (node:L48183 path:/home/shizzed/Downloads/apache-ant-1.9.9-src/apache-ant-1.9.9/src/main/org/apache/tools/ant/types/optional/image/Rotate.java line:70 col:62 endline:70 endcol:66 text:'Avoid reassigning parameters such as 'image'')
Warning: Warning 'PMD_ARP' has already been added. (node:L48183 path:/home/shizzed/Downloads/apache-ant-1.9.9-src/apache-ant-1.9.9/src/main/org/apache/tools/ant/types/optional/image/Rotate.java line:70 col:62 endline:70 endcol:66 text:'Avoid reassigning parameters such as 'image'')
Warning: Warning 'PMD_ARP' has already been added. (node:L52465 path:/home/shizzed/Downloads/apache-ant-1.9.9-src/apache-ant-1.9.9/src/main/org/apache/tools/ant/types/selectors/FilenameSelector.java line:85 col:32 endline:85 endcol:38 text:'Avoid reassigning parameters such as 'pattern'')
Warning: Warning 'PMD_ARP' has already been added. (node:L3126 path:/home/shizzed/Downloads/apache-ant-1.9.9-src/apache-ant-1.9.9/src/main/org/apache/tools/ant/util/FileUtils.java line:601 col:47 endline:601 endcol:54 text:'Avoid reassigning parameters such as 'filename'')
Warning: Warning 'PMD_ARP' has already been added. (node:L3126 path:/home/shizzed/Downloads/apache-ant-1.9.9-src/apache-ant-1.9.9/src/main/org/apache/tools/ant/util/FileUtils.java line:601 col:47 endline:601 endcol:54 text:'Avoid reassigning parameters such as 'filename'')
Warning: Warning 'PMD_ARP' has already been added. (node:L53233 path:/home/shizzed/Downloads/apache-ant-1.9.9-src/apache-ant-1.9.9/src/main/org/apache/tools/ant/util/FileUtils.java line:775 col:36 endline:775 endcol:39 text:'Avoid reassigning parameters such as 'path'')
Warning: Warning 'PMD_ARP' has already been added. (node:L53233 path:/home/shizzed/Downloads/apache-ant-1.9.9-src/apache-ant-1.9.9/src/main/org/apache/tools/ant/util/FileUtils.java line:775 col:36 endline:775 endcol:39 text:'Avoid reassigning parameters such as 'path'')
Warning: Warning 'PMD_ARP' has already been added. (node:L53233 path:/home/shizzed/Downloads/apache-ant-1.9.9-src/apache-ant-1.9.9/src/main/org/apache/tools/ant/util/FileUtils.java line:775 col:36 endline:775 endcol:39 text:'Avoid reassigning parameters such as 'path'')
Warning: Warning 'PMD_ARP' has already been added. (node:L55407 path:/home/shizzed/Downloads/apache-ant-1.9.9-src/apache-ant-1.9.9/src/main/org/apache/tools/ant/util/GlobPatternMapper.java line:192 col:38 endline:192 endcol:41 text:'Avoid reassigning parameters such as 'name'')
Warning: Warning 'PMD_ARP' has already been added. (node:L55782 path:/home/shizzed/Downloads/apache-ant-1.9.9-src/apache-ant-1.9.9/src/main/org/apache/tools/ant/util/LayoutPreservingProperties.java line:581 col:45 endline:581 endcol:47 text:'Avoid reassigning parameters such as 'pos'')
Warning: Warning 'PMD_ARP' has already been added. (node:L55782 path:/home/shizzed/Downloads/apache-ant-1.9.9-src/apache-ant-1.9.9/src/main/org/apache/tools/ant/util/LayoutPreservingProperties.java line:581 col:45 endline:581 endcol:47 text:'Avoid reassigning parameters such as 'pos'')
Warning: Warning 'PMD_ARP' has already been added. (node:L55782 path:/home/shizzed/Downloads/apache-ant-1.9.9-src/apache-ant-1.9.9/src/main/org/apache/tools/ant/util/LayoutPreservingProperties.java line:581 col:45 endline:581 endcol:47 text:'Avoid reassigning parameters such as 'pos'')
Warning: Warning 'PMD_ARP' has already been added. (node:L55782 path:/home/shizzed/Downloads/apache-ant-1.9.9-src/apache-ant-1.9.9/src/main/org/apache/tools/ant/util/LayoutPreservingProperties.java line:581 col:45 endline:581 endcol:47 text:'Avoid reassigning parameters such as 'pos'')
Warning: Warning 'PMD_ARP' has already been added. (node:L55902 path:/home/shizzed/Downloads/apache-ant-1.9.9-src/apache-ant-1.9.9/src/main/org/apache/tools/ant/util/LayoutPreservingProperties.java line:740 col:47 endline:740 endcol:47 text:'Avoid reassigning parameters such as 's'')
Warning: Warning 'PMD_ARP' has already been added. (node:L55902 path:/home/shizzed/Downloads/apache-ant-1.9.9-src/apache-ant-1.9.9/src/main/org/apache/tools/ant/util/LayoutPreservingProperties.java line:740 col:47 endline:740 endcol:47 text:'Avoid reassigning parameters such as 's'')
Warning: Warning 'PMD_ARP' has already been added. (node:L55902 path:/home/shizzed/Downloads/apache-ant-1.9.9-src/apache-ant-1.9.9/src/main/org/apache/tools/ant/util/LayoutPreservingProperties.java line:740 col:47 endline:740 endcol:47 text:'Avoid reassigning parameters such as 's'')
Warning: Warning 'PMD_ARP' has already been added. (node:L55902 path:/home/shizzed/Downloads/apache-ant-1.9.9-src/apache-ant-1.9.9/src/main/org/apache/tools/ant/util/LayoutPreservingProperties.java line:740 col:47 endline:740 endcol:47 text:'Avoid reassigning parameters such as 's'')
Warning: Warning 'PMD_ARP' has already been added. (node:L6830 path:/home/shizzed/Downloads/apache-ant-1.9.9-src/apache-ant-1.9.9/src/main/org/apache/tools/ant/util/StringUtils.java line:198 col:47 endline:198 endcol:55 text:'Avoid reassigning parameters such as 'humanSize'')
Warning: Warning 'PMD_ARP' has already been added. (node:L6830 path:/home/shizzed/Downloads/apache-ant-1.9.9-src/apache-ant-1.9.9/src/main/org/apache/tools/ant/util/StringUtils.java line:198 col:47 endline:198 endcol:55 text:'Avoid reassigning parameters such as 'humanSize'')
Warning: Warning 'PMD_EAFC' has already been added. (node:L16212 path:/home/shizzed/Downloads/apache-ant-1.9.9-src/apache-ant-1.9.9/src/main/org/apache/tools/ant/util/SymbolicLinkUtils.java line:262 col:32 endline:262 endcol:42 text:'Avoid using exceptions as flow control.')
Warning: Warning 'PMD_EAFC' has already been added. (node:L16212 path:/home/shizzed/Downloads/apache-ant-1.9.9-src/apache-ant-1.9.9/src/main/org/apache/tools/ant/util/SymbolicLinkUtils.java line:280 col:36 endline:280 endcol:46 text:'Avoid using exceptions as flow control.')
Warning: Warning 'PMD_ARP' has already been added. (node:L59161 path:/home/shizzed/Downloads/apache-ant-1.9.9-src/apache-ant-1.9.9/src/main/org/apache/tools/tar/TarEntry.java line:1028 col:52 endline:1028 endcol:59 text:'Avoid reassigning parameters such as 'fileName'')
Warning: Warning 'PMD_ARP' has already been added. (node:L59161 path:/home/shizzed/Downloads/apache-ant-1.9.9-src/apache-ant-1.9.9/src/main/org/apache/tools/tar/TarEntry.java line:1028 col:52 endline:1028 endcol:59 text:'Avoid reassigning parameters such as 'fileName'')
Warning: Warning 'PMD_ARP' has already been added. (node:L59161 path:/home/shizzed/Downloads/apache-ant-1.9.9-src/apache-ant-1.9.9/src/main/org/apache/tools/tar/TarEntry.java line:1028 col:52 endline:1028 endcol:59 text:'Avoid reassigning parameters such as 'fileName'')
Warning: Warning 'PMD_ARP' has already been added. (node:L59499 path:/home/shizzed/Downloads/apache-ant-1.9.9-src/apache-ant-1.9.9/src/main/org/apache/tools/tar/TarInputStream.java line:569 col:49 endline:569 endcol:57 text:'Avoid reassigning parameters such as 'numToRead'')
Warning: Warning 'PMD_ARP' has already been added. (node:L59499 path:/home/shizzed/Downloads/apache-ant-1.9.9-src/apache-ant-1.9.9/src/main/org/apache/tools/tar/TarInputStream.java line:569 col:49 endline:569 endcol:57 text:'Avoid reassigning parameters such as 'numToRead'')
Warning: Warning 'PMD_ARP' has already been added. (node:L59499 path:/home/shizzed/Downloads/apache-ant-1.9.9-src/apache-ant-1.9.9/src/main/org/apache/tools/tar/TarInputStream.java line:569 col:37 endline:569 endcol:42 text:'Avoid reassigning parameters such as 'offset'')
Warning: Warning 'PMD_ARP' has already been added. (node:L43675 path:/home/shizzed/Downloads/apache-ant-1.9.9-src/apache-ant-1.9.9/src/main/org/apache/tools/tar/TarOutputStream.java line:401 col:53 endline:401 endcol:62 text:'Avoid reassigning parameters such as 'numToWrite'')
Warning: Warning 'PMD_ARP' has already been added. (node:L43675 path:/home/shizzed/Downloads/apache-ant-1.9.9-src/apache-ant-1.9.9/src/main/org/apache/tools/tar/TarOutputStream.java line:401 col:53 endline:401 endcol:62 text:'Avoid reassigning parameters such as 'numToWrite'')
Warning: Warning 'PMD_ARP' has already been added. (node:L43675 path:/home/shizzed/Downloads/apache-ant-1.9.9-src/apache-ant-1.9.9/src/main/org/apache/tools/tar/TarOutputStream.java line:401 col:40 endline:401 endcol:46 text:'Avoid reassigning parameters such as 'wOffset'')
Warning: Warning 'PMD_ARP' has already been added. (node:L43675 path:/home/shizzed/Downloads/apache-ant-1.9.9-src/apache-ant-1.9.9/src/main/org/apache/tools/tar/TarOutputStream.java line:401 col:40 endline:401 endcol:46 text:'Avoid reassigning parameters such as 'wOffset'')
Warning: Warning 'PMD_ARP' has already been added. (node:L60681 path:/home/shizzed/Downloads/apache-ant-1.9.9-src/apache-ant-1.9.9/src/main/org/apache/tools/zip/Zip64ExtendedInformationExtraField.java line:149 col:59 endline:149 endcol:64 text:'Avoid reassigning parameters such as 'offset'')
Warning: Warning 'PMD_ARP' has already been added. (node:L60681 path:/home/shizzed/Downloads/apache-ant-1.9.9-src/apache-ant-1.9.9/src/main/org/apache/tools/zip/Zip64ExtendedInformationExtraField.java line:149 col:59 endline:149 endcol:64 text:'Avoid reassigning parameters such as 'offset'')
Warning: Warning 'PMD_ARP' has already been added. (node:L60681 path:/home/shizzed/Downloads/apache-ant-1.9.9-src/apache-ant-1.9.9/src/main/org/apache/tools/zip/Zip64ExtendedInformationExtraField.java line:149 col:59 endline:149 endcol:64 text:'Avoid reassigning parameters such as 'offset'')
Warning: Warning 'PMD_ARP' has already been added. (node:L60690 path:/home/shizzed/Downloads/apache-ant-1.9.9-src/apache-ant-1.9.9/src/main/org/apache/tools/zip/Zip64ExtendedInformationExtraField.java line:179 col:66 endline:179 endcol:71 text:'Avoid reassigning parameters such as 'offset'')
Warning: Warning 'PMD_ARP' has already been added. (node:L61511 path:/home/shizzed/Downloads/apache-ant-1.9.9-src/apache-ant-1.9.9/src/main/org/apache/tools/zip/ZipLong.java line:129 col:60 endline:129 endcol:65 text:'Avoid reassigning parameters such as 'offset'')
Warning: Warning 'PMD_ARP' has already been added. (node:L61511 path:/home/shizzed/Downloads/apache-ant-1.9.9-src/apache-ant-1.9.9/src/main/org/apache/tools/zip/ZipLong.java line:129 col:60 endline:129 endcol:65 text:'Avoid reassigning parameters such as 'offset'')
[2022-05-10 09:27:46] End:PMD2GraphTask Result:OK
